<?xml version="1.0" encoding="UTF-8"?>
<testsuite name="at.aau.se2.gamma.core.ExampleTest" tests="2" skipped="0" failures="0" errors="0" timestamp="2022-06-09T12:02:12" hostname="LEONSPC" time="0.026">
  <properties/>
  <testcase name="failure()" classname="at.aau.se2.gamma.core.ExampleTest" time="0.021"/>
  <testcase name="player()" classname="at.aau.se2.gamma.core.ExampleTest" time="0.005"/>
  <system-out><![CDATA[]]></system-out>
  <system-err><![CDATA[]]></system-err>
</testsuite>
